<?xml version="1.0" encoding="UTF-8"?>
<!-- Generated by org.testng.reporters.JUnitReportReporter -->
<testsuite skipped="0" hostname="Devanshi" name="EndToEnd.HomePage" tests="3" failures="0" timestamp="14 Apr 2020 03:28:41 GMT" time="24.203" errors="0">
  <testcase name="basePaseNevigation" time="12.327" classname="EndToEnd.HomePage"/>
  <testcase name="basePaseNevigation" time="4.931" classname="EndToEnd.HomePage"/>
  <testcase name="basePaseNevigation" time="6.945" classname="EndToEnd.HomePage"/>
</testsuite> <!-- EndToEnd.HomePage -->
