<?xml version="1.0" encoding="UTF-8"?>
<!-- Generated by org.testng.reporters.JUnitReportReporter -->
<testsuite skipped="0" hostname="Devanshi" name="EndToEnd.ValidationUsingAssertion" tests="1" failures="0" timestamp="14 Apr 2020 03:28:41 GMT" time="1.206" errors="0">
  <testcase name="basePaseNevigation" time="1.206" classname="EndToEnd.ValidationUsingAssertion"/>
</testsuite> <!-- EndToEnd.ValidationUsingAssertion -->
