<?xml version="1.0" encoding="UTF-8"?>
<!-- Generated by org.testng.reporters.JUnitReportReporter -->
<testsuite skipped="0" hostname="Devanshi" name="EndToEnd.HomePage" tests="3" failures="0" timestamp="14 Apr 2020 02:36:03 GMT" time="19.911" errors="0">
  <testcase name="basePaseNevigation" time="4.556" classname="EndToEnd.HomePage"/>
  <testcase name="basePaseNevigation" time="5.416" classname="EndToEnd.HomePage"/>
  <testcase name="basePaseNevigation" time="9.939" classname="EndToEnd.HomePage"/>
</testsuite> <!-- EndToEnd.HomePage -->
