<?xml version="1.0" encoding="UTF-8"?>
<!-- Generated by org.testng.reporters.JUnitReportReporter -->
<testsuite skipped="0" hostname="Devanshi" name="EndToEnd.ValidationUsingAssertion" tests="1" failures="0" timestamp="14 Apr 2020 02:36:03 GMT" time="0.415" errors="0">
  <testcase name="basePaseNevigation" time="0.415" classname="EndToEnd.ValidationUsingAssertion"/>
</testsuite> <!-- EndToEnd.ValidationUsingAssertion -->
